0 info it worked if it ends with ok
1 verbose cli [ '/usr/local/bin/node', '/usr/local/bin/npm', 'publish' ]
2 info using npm@3.6.0
3 info using node@v5.6.0
4 verbose publish [ '.' ]
5 silly cache add args [ '.', null ]
6 verbose cache add spec .
7 silly cache add parsed spec Result {
7 silly cache add   raw: '.',
7 silly cache add   scope: null,
7 silly cache add   name: null,
7 silly cache add   rawSpec: '.',
7 silly cache add   spec: '/Users/xerxesnoble/Sandbox/xxh',
7 silly cache add   type: 'directory' }
8 verbose addLocalDirectory /Users/xerxesnoble/.npm/xxh/0.0.1/package.tgz not in flight; packing
9 verbose correctMkdir /Users/xerxesnoble/.npm correctMkdir not in flight; initializing
10 info lifecycle xxh@0.0.1~prepublish: xxh@0.0.1
11 silly lifecycle xxh@0.0.1~prepublish: no script for prepublish, continuing
12 verbose tar pack [ '/Users/xerxesnoble/.npm/xxh/0.0.1/package.tgz',
12 verbose tar pack   '/Users/xerxesnoble/Sandbox/xxh' ]
13 verbose tarball /Users/xerxesnoble/.npm/xxh/0.0.1/package.tgz
14 verbose folder /Users/xerxesnoble/Sandbox/xxh
15 verbose addLocalTarball adding from inside cache /Users/xerxesnoble/.npm/xxh/0.0.1/package.tgz
16 verbose correctMkdir /Users/xerxesnoble/.npm correctMkdir not in flight; initializing
17 silly cache afterAdd xxh@0.0.1
18 verbose afterAdd /Users/xerxesnoble/.npm/xxh/0.0.1/package/package.json not in flight; writing
19 verbose correctMkdir /Users/xerxesnoble/.npm correctMkdir not in flight; initializing
20 verbose afterAdd /Users/xerxesnoble/.npm/xxh/0.0.1/package/package.json written
21 silly publish { name: 'xxh',
21 silly publish   version: '0.0.1',
21 silly publish   description: 'CLI ssh manager',
21 silly publish   main: './xxh.py',
21 silly publish   bin: { xxh: './xxh.py' },
21 silly publish   keywords: [ 'ssh', 'manager', 'xxh' ],
21 silly publish   config: { commitizen: { path: 'cz-conventional-changelog' } },
21 silly publish   scripts: { test: 'echo "Error: no test specified" && exit 1' },
21 silly publish   author: { name: 'xerxesnoble' },
21 silly publish   license: 'MIT',
21 silly publish   dependencies: { commitizen: '2.7.6' },
21 silly publish   readme: '# xxh\n\nSSH connection manager built in python. Sets up your rsa keys for you because life should be easy for the lazy programmer.\n\n### Install\n```bash\n$ npm install xxh -g\n```\n\n### Connect\n```bash\n# Start SSH session\n$ xxh my_conn\n```\n\n### Add\n\n```bash\n# Add connection without rsa setup\n$ xxh add my_conn user@connection.name.com\n\n# Add connection with rsa setup\n$ xxh add -p my_conn user@connection.name.com\n```\n\n### List\n```bash\n# List all connections\n$ xxh list\n\n# List all connections with more info\n$ xxh list -v\n```\n\n### Delete\n\n```bash\n# Note: this does NOT remove the rsa keys\n\n# Delete connection\n$ xxh delete my_conn\n\n# Delete all connections\n$ xxh delete --all\n```\n\n### Edit\n```bash\n# Edit connection\n$ xxh edit my_conn\n\n```',
21 silly publish   readmeFilename: 'README.md',
21 silly publish   gitHead: '8516096161a0fc33a67df2c8f3e7c9e4fae8818a',
21 silly publish   _id: 'xxh@0.0.1',
21 silly publish   _shasum: 'a632869769920fa9f6848cf01fc9f39fba90a76b',
21 silly publish   _from: '.' }
22 verbose getPublishConfig undefined
23 silly mapToRegistry name xxh
24 silly mapToRegistry using default registry
25 silly mapToRegistry registry https://registry.npmjs.org/
26 silly mapToRegistry uri https://registry.npmjs.org/xxh
27 verbose publish registryBase https://registry.npmjs.org/
28 silly publish uploading /Users/xerxesnoble/.npm/xxh/0.0.1/package.tgz
29 verbose request uri https://registry.npmjs.org/xxh
30 verbose request sending authorization for write operation
31 info attempt registry request try #1 at 11:32:14 PM
32 verbose request using bearer token for auth
33 verbose request id 69d9e97e09f576ca
34 http request PUT https://registry.npmjs.org/xxh
35 http 403 https://registry.npmjs.org/xxh
36 verbose headers { 'content-type': 'application/json',
36 verbose headers   'cache-control': 'max-age=300',
36 verbose headers   'content-length': '95',
36 verbose headers   'accept-ranges': 'bytes',
36 verbose headers   date: 'Sun, 17 Apr 2016 03:32:15 GMT',
36 verbose headers   via: '1.1 varnish',
36 verbose headers   connection: 'keep-alive',
36 verbose headers   'x-served-by': 'cache-ord1742-ORD',
36 verbose headers   'x-cache': 'MISS',
36 verbose headers   'x-cache-hits': '0',
36 verbose headers   'x-timer': 'S1460863934.589817,VS0,VE699',
36 verbose headers   vary: 'Accept-Encoding' }
37 verbose request invalidating /Users/xerxesnoble/.npm/registry.npmjs.org/xxh on PUT
38 error publish Failed PUT 403
39 verbose stack Error: "You cannot publish over the previously published version 0.0.1." : xxh
39 verbose stack     at makeError (/usr/local/lib/node_modules/npm/node_modules/npm-registry-client/lib/request.js:264:12)
39 verbose stack     at CachingRegistryClient.<anonymous> (/usr/local/lib/node_modules/npm/node_modules/npm-registry-client/lib/request.js:252:14)
39 verbose stack     at Request._callback (/usr/local/lib/node_modules/npm/node_modules/npm-registry-client/lib/request.js:172:14)
39 verbose stack     at Request.self.callback (/usr/local/lib/node_modules/npm/node_modules/request/request.js:198:22)
39 verbose stack     at emitTwo (events.js:100:13)
39 verbose stack     at Request.emit (events.js:185:7)
39 verbose stack     at Request.<anonymous> (/usr/local/lib/node_modules/npm/node_modules/request/request.js:1035:10)
39 verbose stack     at emitOne (events.js:95:20)
39 verbose stack     at Request.emit (events.js:182:7)
39 verbose stack     at IncomingMessage.<anonymous> (/usr/local/lib/node_modules/npm/node_modules/request/request.js:962:12)
40 verbose statusCode 403
41 verbose pkgid xxh
42 verbose cwd /Users/xerxesnoble/Sandbox/xxh
43 error Darwin 15.4.0
44 error argv "/usr/local/bin/node" "/usr/local/bin/npm" "publish"
45 error node v5.6.0
46 error npm  v3.6.0
47 error code E403
48 error "You cannot publish over the previously published version 0.0.1." : xxh
49 error If you need help, you may report this error at:
49 error     <https://github.com/npm/npm/issues>
50 verbose exit [ 1, true ]
